<?xml version="1.0" encoding="UTF-8"?>
<!-- Generated by org.testng.reporters.JUnitXMLReporter -->
<testsuite ignored="0" hostname="DESKTOP-O9F17IQ" failures="3" tests="18" name="Test" time="293.015" errors="0" timestamp="2025-03-27T16:57:15 IST">
  <testcase classname="testCases.TC_001_BSKT__SuccessfulLoginTest" name="verifySuccessfulLogin" time="2.485"/>
  <testcase classname="testCases.TC_002_BSKT_FundManagerRedirectionTest" name="verifyFundManagerRedirection" time="4.527"/>
  <testcase classname="testCases.TC_003_BSKT_FundManagerDetailsTest" name="verifyFundManagerDetails" time="5.055"/>
  <testcase classname="testCases.TC_004_BSKT_CreateFundManagerPageTest" name="verifyCreateFundManagerPage" time="4.702"/>
  <testcase classname="testCases.TC_005_BSKT_CreateFundManagerTest" name="createFundManager" time="11.593"/>
  <testcase classname="testCases.TC_006_BSKT_InvalidFundManagerTest" name="createFundManagerWithInvalidData" time="7.901"/>
  <testcase classname="testCases.TC_007_BSKT_InvalidPhoneNumberTest" name="createFundManagerWithInvalidPhoneNumber" time="8.424"/>
  <testcase classname="testCases.TC_008_BSKT_InvalidEmailTest" name="createFundManagerWithInvalidEmail" time="8.475"/>
  <testcase classname="testCases.TC_009_BSKT_ApprovePendingBasketTest" name="approvePendingBasket" time="7.939"/>
  <testcase classname="testCases.TC_010_BSKT_AdminApprovesBasketTest" name="aprovePendingBasket" time="12.826"/>
  <testcase classname="testCases.TC_011_BSKT_AdminRejectsBasketTest" name="rejectPendingBasket" time="20.8"/>
  <testcase classname="testCases.TC_012_BSKT_ViewRejectedBasketTest" name="viewRejectedBasketHistory" time="9.786">
    <failure type="java.lang.AssertionError" message="Test failed due to exception: element click intercepted: Element &amp;lt;a _ngcontent-serveapp-c2563541569=&amp;quot;&amp;quot; style=&amp;quot;cursor: pointer;&amp;quot;&amp;gt;...&amp;lt;/a&amp;gt; is not clickable at point (1257, 287). Other element would receive the click: &amp;lt;div _ngcontent-serveapp-c2563541569=&amp;quot;&amp;quot; class=&amp;quot;d-flex align-items-end&amp;quot; style=&amp;quot;margin-top: -5rem;&amp;quot;&amp;gt;...&amp;lt;/div&amp;gt;
  (Session info: chrome=134.0.6998.177)
Build info: version: &amp;apos;4.29.0&amp;apos;, revision: &amp;apos;5fc1ec94cb&amp;apos;
System info: os.name: &amp;apos;Windows 11&amp;apos;, os.arch: &amp;apos;amd64&amp;apos;, os.version: &amp;apos;10.0&amp;apos;, java.version: &amp;apos;23.0.1&amp;apos;
Driver info: org.openqa.selenium.chrome.ChromeDriver
Command: [a846e3bd6c132af8d0fd61231ed773a2, clickElement {id=f.55A1DA7979A6A0B7DC0C8387CEA3FE3E.d.A6FD98C37971AB4FFF890962BE406C68.e.3197}]
Capabilities {acceptInsecureCerts: false, browserName: chrome, browserVersion: 134.0.6998.177, chrome: {chromedriverVersion: 134.0.6998.165 (fd886e2cb29..., userDataDir: C:\Users\INVEST~1\AppData\L...}, fedcm:accounts: true, goog:chromeOptions: {debuggerAddress: localhost:51799}, networkConnectionEnabled: false, pageLoadStrategy: normal, platformName: windows, proxy: Proxy(), se:cdp: ws://localhost:51799/devtoo..., se:cdpVersion: 134.0.6998.177, setWindowRect: true, strictFileInteractability: false, timeouts: {implicit: 0, pageLoad: 300000, script: 30000}, unhandledPromptBehavior: dismiss and notify, webauthn:extension:credBlob: true, webauthn:extension:largeBlob: true, webauthn:extension:minPinLength: true, webauthn:extension:prf: true, webauthn:virtualAuthenticators: true}
Element: [[ChromeDriver: chrome on windows (a846e3bd6c132af8d0fd61231ed773a2)] -&amp;gt; xpath: /html/body/app-root/div/app-admin-basket-approval/div/div[3]/div/div[1]/div/mat-table/mat-row[1]/mat-cell[11]/div/a]
Session ID: a846e3bd6c132af8d0fd61231ed773a2">
      <![CDATA[java.lang.AssertionError: Test failed due to exception: element click intercepted: Element <a _ngcontent-serveapp-c2563541569="" style="cursor: pointer;">...</a> is not clickable at point (1257, 287). Other element would receive the click: <div _ngcontent-serveapp-c2563541569="" class="d-flex align-items-end" style="margin-top: -5rem;">...</div>
  (Session info: chrome=134.0.6998.177)
Build info: version: '4.29.0', revision: '5fc1ec94cb'
System info: os.name: 'Windows 11', os.arch: 'amd64', os.version: '10.0', java.version: '23.0.1'
Driver info: org.openqa.selenium.chrome.ChromeDriver
Command: [a846e3bd6c132af8d0fd61231ed773a2, clickElement {id=f.55A1DA7979A6A0B7DC0C8387CEA3FE3E.d.A6FD98C37971AB4FFF890962BE406C68.e.3197}]
Capabilities {acceptInsecureCerts: false, browserName: chrome, browserVersion: 134.0.6998.177, chrome: {chromedriverVersion: 134.0.6998.165 (fd886e2cb29..., userDataDir: C:\Users\INVEST~1\AppData\L...}, fedcm:accounts: true, goog:chromeOptions: {debuggerAddress: localhost:51799}, networkConnectionEnabled: false, pageLoadStrategy: normal, platformName: windows, proxy: Proxy(), se:cdp: ws://localhost:51799/devtoo..., se:cdpVersion: 134.0.6998.177, setWindowRect: true, strictFileInteractability: false, timeouts: {implicit: 0, pageLoad: 300000, script: 30000}, unhandledPromptBehavior: dismiss and notify, webauthn:extension:credBlob: true, webauthn:extension:largeBlob: true, webauthn:extension:minPinLength: true, webauthn:extension:prf: true, webauthn:virtualAuthenticators: true}
Element: [[ChromeDriver: chrome on windows (a846e3bd6c132af8d0fd61231ed773a2)] -> xpath: /html/body/app-root/div/app-admin-basket-approval/div/div[3]/div/div[1]/div/mat-table/mat-row[1]/mat-cell[11]/div/a]
Session ID: a846e3bd6c132af8d0fd61231ed773a2
at testCases.TC_012_BSKT_ViewRejectedBasketTest.viewRejectedBasketHistory(TC_012_BSKT_ViewRejectedBasketTest.java:80)
at java.base/java.util.ArrayList.forEach(ArrayList.java:1597)
... Removed 26 stack frames]]>
    </failure>
  </testcase> <!-- viewRejectedBasketHistory -->
  <testcase classname="testCases.TC_013_BSKT_AdminViewFundManagerDetails" name="viewFundManagerDetails" time="7.503"/>
  <testcase classname="testCases.TC_014_EditFundManagerTest" name="testEditFundManagerDetails" time="6.947"/>
  <testcase classname="testCases.TC_015_DuplicateMobileNumberTest" name="testDuplicateMobileNumberValidation" time="24.815">
    <failure type="java.lang.AssertionError" message="Test failedExpected condition failed: waiting for visibility of Proxy element for: DefaultElementLocator &amp;apos;By.xpath: //div[@role=&amp;apos;alert&amp;apos; and contains(text(), &amp;apos;Phone No Already registered&amp;apos;)]&amp;apos; (tried for 5 second(s) with 500 milliseconds interval)">
      <![CDATA[java.lang.AssertionError: Test failedExpected condition failed: waiting for visibility of Proxy element for: DefaultElementLocator 'By.xpath: //div[@role='alert' and contains(text(), 'Phone No Already registered')]' (tried for 5 second(s) with 500 milliseconds interval)
at testCases.TC_015_DuplicateMobileNumberTest.testDuplicateMobileNumberValidation(TC_015_DuplicateMobileNumberTest.java:53)
at java.base/java.util.ArrayList.forEach(ArrayList.java:1597)
... Removed 26 stack frames]]>
    </failure>
  </testcase> <!-- testDuplicateMobileNumberValidation -->
  <testcase classname="testCases.TC_016_EditFundManagerDetailsTest" name="testDuplicateMobileNumberValidation" time="25.67">
    <failure type="java.lang.AssertionError" message="Test failedExpected condition failed: waiting for visibility of Proxy element for: DefaultElementLocator &amp;apos;By.xpath: //div[@role=&amp;apos;alert&amp;apos; and contains(text(), &amp;apos;Fund manager Updated Successfully&amp;apos;)]&amp;apos; (tried for 5 second(s) with 500 milliseconds interval)">
      <![CDATA[java.lang.AssertionError: Test failedExpected condition failed: waiting for visibility of Proxy element for: DefaultElementLocator 'By.xpath: //div[@role='alert' and contains(text(), 'Fund manager Updated Successfully')]' (tried for 5 second(s) with 500 milliseconds interval)
at testCases.TC_016_EditFundManagerDetailsTest.testDuplicateMobileNumberValidation(TC_016_EditFundManagerDetailsTest.java:54)
at java.base/java.util.ArrayList.forEach(ArrayList.java:1597)
... Removed 26 stack frames]]>
    </failure>
  </testcase> <!-- testDuplicateMobileNumberValidation -->
  <testcase classname="testCases.TC_017_ViewBasketDetailsTest" name="testViewBasketDetails" time="5.472"/>
  <testcase classname="testCases.TC_018_AdminPausesBasketTest" name="testAdminPausesBasket" time="7.909"/>
</testsuite> <!-- Test -->
