<html>
<head>
<title>TestNG:  Test</title>
<link href="../testng.css" rel="stylesheet" type="text/css" />
<link href="../my-testng.css" rel="stylesheet" type="text/css" />

<style type="text/css">
.log { display: none;} 
.stack-trace { display: none;} 
</style>
<script type="text/javascript">
<!--
function flip(e) {
  current = e.style.display;
  if (current == 'block') {
    e.style.display = 'none';
    return 0;
  }
  else {
    e.style.display = 'block';
    return 1;
  }
}

function toggleBox(szDivId, elem, msg1, msg2)
{
  var res = -1;  if (document.getElementById) {
    res = flip(document.getElementById(szDivId));
  }
  else if (document.all) {
    // this is the way old msie versions work
    res = flip(document.all[szDivId]);
  }
  if(elem) {
    if(res == 0) elem.innerHTML = msg1; else elem.innerHTML = msg2;
  }

}

function toggleAllBoxes() {
  if (document.getElementsByTagName) {
    d = document.getElementsByTagName('div');
    for (i = 0; i < d.length; i++) {
      if (d[i].className == 'log') {
        flip(d[i]);
      }
    }
  }
}

// -->
</script>

</head>
<body>
<h2 align='center'>Test</h2><table border='1' align="center">
<tr>
<td>Tests passed/Failed/Skipped:</td><td>5/1/0</td>
</tr><tr>
<td>Started on:</td><td>Sat Mar 15 16:35:27 IST 2025</td>
</tr>
<tr><td>Total time:</td><td>95 seconds (95327 ms)</td>
</tr><tr>
<td>Included groups:</td><td></td>
</tr><tr>
<td>Excluded groups:</td><td></td>
</tr>
</table><p/>
<small><i>(Hover the method name to see the test class name)</i></small><p/>
<table width='100%' border='1' class='invocation-failed'>
<tr><td colspan='4' align='center'><b>FAILED TESTS</b></td></tr>
<tr><td><b>Test method</b></td>
<td><b>Attribute(s)</b></td>
<td width="30%"><b>Exception</b></td>
<td width="10%"><b>Time (seconds)</b></td>
<td><b>Instance</b></td>
</tr>
<tr>
<td title='testCases.TC_006_BSKT_InvalidFundManagerTest.createFundManagerWithInvalidData()'><b>createFundManagerWithInvalidData</b><br>Test class: testCases.TC_006_BSKT_InvalidFundManagerTest</td>
<td><div><pre>java.lang.AssertionError: Test failedelement click intercepted: Element &lt;a _ngcontent-serveapp-c795886533=&quot;&quot; id=&quot;basketAdmin&quot; role=&quot;button&quot; data-toggle=&quot;dropdown&quot; aria-haspopup=&quot;true&quot; aria-expanded=&quot;false&quot; class=&quot;nav-link dropdown-toggle&quot;&gt;...&lt;/a&gt; is not clickable at point (920, 17). Other element would receive the click: &lt;div _ngcontent-serveapp-c2009170884=&quot;&quot; class=&quot;ngx-spinner-overlay ng-tns-c2009170884-0 ng-trigger ng-trigger-fadeIn ng-star-inserted ng-animating&quot; style=&quot;background-color: rgba(0, 0, 0, 0.8); z-index: 99999; position: fixed;&quot;&gt;...&lt;/div&gt;
  (Session info: chrome=134.0.6998.89)
Build info: version: &apos;4.29.0&apos;, revision: &apos;5fc1ec94cb&apos;
System info: os.name: &apos;Windows 11&apos;, os.arch: &apos;amd64&apos;, os.version: &apos;10.0&apos;, java.version: &apos;23.0.1&apos;
Driver info: org.openqa.selenium.chrome.ChromeDriver
Command: [ced7bc8be56bbb0107e27da6c28db685, clickElement {id=f.44862BF04DE905A2731CC23C06DBE9A7.d.AB7634E4E77949615C2D1305B68BAF3C.e.1052}]
Capabilities {acceptInsecureCerts: false, browserName: chrome, browserVersion: 134.0.6998.89, chrome: {chromedriverVersion: 134.0.6998.88 (7e3d5c978c6d..., userDataDir: C:\Users\INVEST~1\AppData\L...}, fedcm:accounts: true, goog:chromeOptions: {debuggerAddress: localhost:54589}, networkConnectionEnabled: false, pageLoadStrategy: normal, platformName: windows, proxy: Proxy(), se:cdp: ws://localhost:54589/devtoo..., se:cdpVersion: 134.0.6998.89, setWindowRect: true, strictFileInteractability: false, timeouts: {implicit: 0, pageLoad: 300000, script: 30000}, unhandledPromptBehavior: dismiss and notify, webauthn:extension:credBlob: true, webauthn:extension:largeBlob: true, webauthn:extension:minPinLength: true, webauthn:extension:prf: true, webauthn:virtualAuthenticators: true}
Element: [[ChromeDriver: chrome on windows (ced7bc8be56bbb0107e27da6c28db685)] -&gt; xpath: //a[@id=&apos;basketAdmin&apos;]]
Session ID: ced7bc8be56bbb0107e27da6c28db685
	at testCases.TC_006_BSKT_InvalidFundManagerTest.createFundManagerWithInvalidData(TC_006_BSKT_InvalidFundManagerTest.java:69)
	at java.base/java.util.ArrayList.forEach(ArrayList.java:1597)
... Removed 26 stack frames</pre></div><a href='#' onClick='toggleBox("stack-trace294505405", this, "Click to show all stack frames", "Click to hide stack frames")'>Click to show all stack frames</a>
<div class='stack-trace' id='stack-trace294505405'><pre>java.lang.AssertionError: Test failedelement click intercepted: Element &lt;a _ngcontent-serveapp-c795886533=&quot;&quot; id=&quot;basketAdmin&quot; role=&quot;button&quot; data-toggle=&quot;dropdown&quot; aria-haspopup=&quot;true&quot; aria-expanded=&quot;false&quot; class=&quot;nav-link dropdown-toggle&quot;&gt;...&lt;/a&gt; is not clickable at point (920, 17). Other element would receive the click: &lt;div _ngcontent-serveapp-c2009170884=&quot;&quot; class=&quot;ngx-spinner-overlay ng-tns-c2009170884-0 ng-trigger ng-trigger-fadeIn ng-star-inserted ng-animating&quot; style=&quot;background-color: rgba(0, 0, 0, 0.8); z-index: 99999; position: fixed;&quot;&gt;...&lt;/div&gt;
  (Session info: chrome=134.0.6998.89)
Build info: version: &apos;4.29.0&apos;, revision: &apos;5fc1ec94cb&apos;
System info: os.name: &apos;Windows 11&apos;, os.arch: &apos;amd64&apos;, os.version: &apos;10.0&apos;, java.version: &apos;23.0.1&apos;
Driver info: org.openqa.selenium.chrome.ChromeDriver
Command: [ced7bc8be56bbb0107e27da6c28db685, clickElement {id=f.44862BF04DE905A2731CC23C06DBE9A7.d.AB7634E4E77949615C2D1305B68BAF3C.e.1052}]
Capabilities {acceptInsecureCerts: false, browserName: chrome, browserVersion: 134.0.6998.89, chrome: {chromedriverVersion: 134.0.6998.88 (7e3d5c978c6d..., userDataDir: C:\Users\INVEST~1\AppData\L...}, fedcm:accounts: true, goog:chromeOptions: {debuggerAddress: localhost:54589}, networkConnectionEnabled: false, pageLoadStrategy: normal, platformName: windows, proxy: Proxy(), se:cdp: ws://localhost:54589/devtoo..., se:cdpVersion: 134.0.6998.89, setWindowRect: true, strictFileInteractability: false, timeouts: {implicit: 0, pageLoad: 300000, script: 30000}, unhandledPromptBehavior: dismiss and notify, webauthn:extension:credBlob: true, webauthn:extension:largeBlob: true, webauthn:extension:minPinLength: true, webauthn:extension:prf: true, webauthn:virtualAuthenticators: true}
Element: [[ChromeDriver: chrome on windows (ced7bc8be56bbb0107e27da6c28db685)] -&gt; xpath: //a[@id=&apos;basketAdmin&apos;]]
Session ID: ced7bc8be56bbb0107e27da6c28db685
	at org.testng.Assert.fail(Assert.java:111)
	at testCases.TC_006_BSKT_InvalidFundManagerTest.createFundManagerWithInvalidData(TC_006_BSKT_InvalidFundManagerTest.java:69)
	at java.base/jdk.internal.reflect.DirectMethodHandleAccessor.invoke(DirectMethodHandleAccessor.java:103)
	at java.base/java.lang.reflect.Method.invoke(Method.java:580)
	at org.testng.internal.invokers.MethodInvocationHelper.invokeMethod(MethodInvocationHelper.java:141)
	at org.testng.internal.invokers.TestInvoker.invokeMethod(TestInvoker.java:687)
	at org.testng.internal.invokers.TestInvoker.invokeTestMethod(TestInvoker.java:230)
	at org.testng.internal.invokers.MethodRunner.runInSequence(MethodRunner.java:63)
	at org.testng.internal.invokers.TestInvoker$MethodInvocationAgent.invoke(TestInvoker.java:995)
	at org.testng.internal.invokers.TestInvoker.invokeTestMethods(TestInvoker.java:203)
	at org.testng.internal.invokers.TestMethodWorker.invokeTestMethods(TestMethodWorker.java:154)
	at org.testng.internal.invokers.TestMethodWorker.run(TestMethodWorker.java:134)
	at java.base/java.util.ArrayList.forEach(ArrayList.java:1597)
	at org.testng.TestRunner.privateRun(TestRunner.java:741)
	at org.testng.TestRunner.run(TestRunner.java:616)
	at org.testng.SuiteRunner.runTest(SuiteRunner.java:421)
	at org.testng.SuiteRunner.runSequentially(SuiteRunner.java:413)
	at org.testng.SuiteRunner.privateRun(SuiteRunner.java:373)
	at org.testng.SuiteRunner.run(SuiteRunner.java:312)
	at org.testng.SuiteRunnerWorker.runSuite(SuiteRunnerWorker.java:52)
	at org.testng.SuiteRunnerWorker.run(SuiteRunnerWorker.java:95)
	at org.testng.TestNG.runSuitesSequentially(TestNG.java:1274)
	at org.testng.TestNG.runSuitesLocally(TestNG.java:1208)
	at org.testng.TestNG.runSuites(TestNG.java:1112)
	at org.testng.TestNG.run(TestNG.java:1079)
	at org.testng.remote.AbstractRemoteTestNG.run(AbstractRemoteTestNG.java:115)
	at org.testng.remote.RemoteTestNG.initAndRun(RemoteTestNG.java:293)
	at org.testng.remote.RemoteTestNG.main(RemoteTestNG.java:91)
</pre></div></td>
<td>4</td>
<td>testCases.TC_006_BSKT_InvalidFundManagerTest@324a0017</td></tr>
</table><p>
<table width='100%' border='1' class='invocation-passed'>
<tr><td colspan='4' align='center'><b>PASSED TESTS</b></td></tr>
<tr><td><b>Test method</b></td>
<td><b>Attribute(s)</b></td>
<td width="30%"><b>Exception</b></td>
<td width="10%"><b>Time (seconds)</b></td>
<td><b>Instance</b></td>
</tr>
<tr>
<td title='testCases.TC_004_BSKT_CreateFundManagerPageTest.verifyCreateFundManagerPage()'><b>verifyCreateFundManagerPage</b><br>Test class: testCases.TC_004_BSKT_CreateFundManagerPageTest</td>
<td></td>
<td>6</td>
<td>testCases.TC_004_BSKT_CreateFundManagerPageTest@59b38691</td></tr>
<tr>
<td title='testCases.TC_002_BSKT_FundManagerRedirectionTest.verifyFundManagerRedirection()'><b>verifyFundManagerRedirection</b><br>Test class: testCases.TC_002_BSKT_FundManagerRedirectionTest</td>
<td></td>
<td>5</td>
<td>testCases.TC_002_BSKT_FundManagerRedirectionTest@a22cb6a</td></tr>
<tr>
<td title='testCases.TC_001_BSKT__SuccessfulLoginTest.verifySuccessfulLogin()'><b>verifySuccessfulLogin</b><br>Test class: testCases.TC_001_BSKT__SuccessfulLoginTest</td>
<td></td>
<td>7</td>
<td>testCases.TC_001_BSKT__SuccessfulLoginTest@142269f2</td></tr>
<tr>
<td title='testCases.TC_005_BSKT_CreateFundManagerTest.createFundManager()'><b>createFundManager</b><br>Test class: testCases.TC_005_BSKT_CreateFundManagerTest</td>
<td></td>
<td>13</td>
<td>testCases.TC_005_BSKT_CreateFundManagerTest@2e2ff723</td></tr>
<tr>
<td title='testCases.TC_003_BSKT_FundManagerDetailsTest.verifyFundManagerDetails()'><b>verifyFundManagerDetails</b><br>Test class: testCases.TC_003_BSKT_FundManagerDetailsTest</td>
<td></td>
<td>4</td>
<td>testCases.TC_003_BSKT_FundManagerDetailsTest@5dd1c9f2</td></tr>
</table><p>
</body>
</html>