<?xml version="1.0" encoding="UTF-8"?>
<testng-results ignored="0" total="6" passed="5" failed="1" skipped="0">
  <reporter-output>
  </reporter-output>
  <suite started-at="2025-03-15T16:35:27 IST" name="Master Suite" finished-at="2025-03-15T16:37:02 IST" duration-ms="95327">
    <groups>
    </groups>
    <test started-at="2025-03-15T16:35:27 IST" name="Test" finished-at="2025-03-15T16:37:02 IST" duration-ms="95327">
      <class name="testCases.TC_001_BSKT__SuccessfulLoginTest">
        <test-method is-config="true" signature="setup(java.lang.String,java.lang.String)[pri:0, instance:testCases.TC_001_BSKT__SuccessfulLoginTest@142269f2]" started-at="2025-03-15T16:35:27 IST" name="setup" finished-at="2025-03-15T16:35:37 IST" duration-ms="9604" status="PASS">
          <params>
            <param index="0">
              <value>
                <![CDATA[Windows]]>
              </value>
            </param>
            <param index="1">
              <value>
                <![CDATA[chrome]]>
              </value>
            </param>
          </params>
          <reporter-output>
          </reporter-output>
        </test-method> <!-- setup -->
        <test-method signature="verifySuccessfulLogin()[pri:0, instance:testCases.TC_001_BSKT__SuccessfulLoginTest@142269f2]" started-at="2025-03-15T16:35:37 IST" name="verifySuccessfulLogin" finished-at="2025-03-15T16:35:44 IST" duration-ms="7354" status="PASS">
          <reporter-output>
          </reporter-output>
        </test-method> <!-- verifySuccessfulLogin -->
        <test-method is-config="true" signature="tearDown()[pri:0, instance:testCases.TC_001_BSKT__SuccessfulLoginTest@142269f2]" started-at="2025-03-15T16:35:45 IST" name="tearDown" finished-at="2025-03-15T16:35:52 IST" duration-ms="7486" status="PASS">
          <reporter-output>
          </reporter-output>
        </test-method> <!-- tearDown -->
      </class> <!-- testCases.TC_001_BSKT__SuccessfulLoginTest -->
      <class name="testCases.TC_003_BSKT_FundManagerDetailsTest">
        <test-method is-config="true" signature="setup(java.lang.String,java.lang.String)[pri:0, instance:testCases.TC_003_BSKT_FundManagerDetailsTest@5dd1c9f2]" started-at="2025-03-15T16:36:07 IST" name="setup" finished-at="2025-03-15T16:36:12 IST" duration-ms="5162" status="PASS">
          <params>
            <param index="0">
              <value>
                <![CDATA[Windows]]>
              </value>
            </param>
            <param index="1">
              <value>
                <![CDATA[chrome]]>
              </value>
            </param>
          </params>
          <reporter-output>
          </reporter-output>
        </test-method> <!-- setup -->
        <test-method signature="verifyFundManagerDetails()[pri:0, instance:testCases.TC_003_BSKT_FundManagerDetailsTest@5dd1c9f2]" started-at="2025-03-15T16:36:12 IST" name="verifyFundManagerDetails" finished-at="2025-03-15T16:36:17 IST" duration-ms="4999" status="PASS">
          <reporter-output>
          </reporter-output>
        </test-method> <!-- verifyFundManagerDetails -->
        <test-method is-config="true" signature="tearDown()[pri:0, instance:testCases.TC_003_BSKT_FundManagerDetailsTest@5dd1c9f2]" started-at="2025-03-15T16:36:17 IST" name="tearDown" finished-at="2025-03-15T16:36:18 IST" duration-ms="589" status="PASS">
          <reporter-output>
          </reporter-output>
        </test-method> <!-- tearDown -->
      </class> <!-- testCases.TC_003_BSKT_FundManagerDetailsTest -->
      <class name="testCases.TC_004_BSKT_CreateFundManagerPageTest">
        <test-method is-config="true" signature="setup(java.lang.String,java.lang.String)[pri:0, instance:testCases.TC_004_BSKT_CreateFundManagerPageTest@59b38691]" started-at="2025-03-15T16:36:18 IST" name="setup" finished-at="2025-03-15T16:36:23 IST" duration-ms="4900" status="PASS">
          <params>
            <param index="0">
              <value>
                <![CDATA[Windows]]>
              </value>
            </param>
            <param index="1">
              <value>
                <![CDATA[chrome]]>
              </value>
            </param>
          </params>
          <reporter-output>
          </reporter-output>
        </test-method> <!-- setup -->
        <test-method signature="verifyCreateFundManagerPage()[pri:0, instance:testCases.TC_004_BSKT_CreateFundManagerPageTest@59b38691]" started-at="2025-03-15T16:36:23 IST" name="verifyCreateFundManagerPage" finished-at="2025-03-15T16:36:29 IST" duration-ms="6134" status="PASS">
          <reporter-output>
          </reporter-output>
        </test-method> <!-- verifyCreateFundManagerPage -->
        <test-method is-config="true" signature="tearDown()[pri:0, instance:testCases.TC_004_BSKT_CreateFundManagerPageTest@59b38691]" started-at="2025-03-15T16:36:29 IST" name="tearDown" finished-at="2025-03-15T16:36:29 IST" duration-ms="418" status="PASS">
          <reporter-output>
          </reporter-output>
        </test-method> <!-- tearDown -->
      </class> <!-- testCases.TC_004_BSKT_CreateFundManagerPageTest -->
      <class name="testCases.TC_006_BSKT_InvalidFundManagerTest">
        <test-method is-config="true" signature="setup(java.lang.String,java.lang.String)[pri:0, instance:testCases.TC_006_BSKT_InvalidFundManagerTest@324a0017]" started-at="2025-03-15T16:36:49 IST" name="setup" finished-at="2025-03-15T16:36:57 IST" duration-ms="8422" status="PASS">
          <params>
            <param index="0">
              <value>
                <![CDATA[Windows]]>
              </value>
            </param>
            <param index="1">
              <value>
                <![CDATA[chrome]]>
              </value>
            </param>
          </params>
          <reporter-output>
          </reporter-output>
        </test-method> <!-- setup -->
        <test-method signature="createFundManagerWithInvalidData()[pri:0, instance:testCases.TC_006_BSKT_InvalidFundManagerTest@324a0017]" started-at="2025-03-15T16:36:57 IST" name="createFundManagerWithInvalidData" finished-at="2025-03-15T16:37:02 IST" duration-ms="4469" status="FAIL">
          <exception class="java.lang.AssertionError">
            <message>
              <![CDATA[Test failedelement click intercepted: Element <a _ngcontent-serveapp-c795886533="" id="basketAdmin" role="button" data-toggle="dropdown" aria-haspopup="true" aria-expanded="false" class="nav-link dropdown-toggle">...</a> is not clickable at point (920, 17). Other element would receive the click: <div _ngcontent-serveapp-c2009170884="" class="ngx-spinner-overlay ng-tns-c2009170884-0 ng-trigger ng-trigger-fadeIn ng-star-inserted ng-animating" style="background-color: rgba(0, 0, 0, 0.8); z-index: 99999; position: fixed;">...</div>
  (Session info: chrome=134.0.6998.89)
Build info: version: '4.29.0', revision: '5fc1ec94cb'
System info: os.name: 'Windows 11', os.arch: 'amd64', os.version: '10.0', java.version: '23.0.1'
Driver info: org.openqa.selenium.chrome.ChromeDriver
Command: [ced7bc8be56bbb0107e27da6c28db685, clickElement {id=f.44862BF04DE905A2731CC23C06DBE9A7.d.AB7634E4E77949615C2D1305B68BAF3C.e.1052}]
Capabilities {acceptInsecureCerts: false, browserName: chrome, browserVersion: 134.0.6998.89, chrome: {chromedriverVersion: 134.0.6998.88 (7e3d5c978c6d..., userDataDir: C:\Users\INVEST~1\AppData\L...}, fedcm:accounts: true, goog:chromeOptions: {debuggerAddress: localhost:54589}, networkConnectionEnabled: false, pageLoadStrategy: normal, platformName: windows, proxy: Proxy(), se:cdp: ws://localhost:54589/devtoo..., se:cdpVersion: 134.0.6998.89, setWindowRect: true, strictFileInteractability: false, timeouts: {implicit: 0, pageLoad: 300000, script: 30000}, unhandledPromptBehavior: dismiss and notify, webauthn:extension:credBlob: true, webauthn:extension:largeBlob: true, webauthn:extension:minPinLength: true, webauthn:extension:prf: true, webauthn:virtualAuthenticators: true}
Element: [[ChromeDriver: chrome on windows (ced7bc8be56bbb0107e27da6c28db685)] -> xpath: //a[@id='basketAdmin']]
Session ID: ced7bc8be56bbb0107e27da6c28db685]]>
            </message>
            <full-stacktrace>
              <![CDATA[java.lang.AssertionError: Test failedelement click intercepted: Element <a _ngcontent-serveapp-c795886533="" id="basketAdmin" role="button" data-toggle="dropdown" aria-haspopup="true" aria-expanded="false" class="nav-link dropdown-toggle">...</a> is not clickable at point (920, 17). Other element would receive the click: <div _ngcontent-serveapp-c2009170884="" class="ngx-spinner-overlay ng-tns-c2009170884-0 ng-trigger ng-trigger-fadeIn ng-star-inserted ng-animating" style="background-color: rgba(0, 0, 0, 0.8); z-index: 99999; position: fixed;">...</div>
  (Session info: chrome=134.0.6998.89)
Build info: version: '4.29.0', revision: '5fc1ec94cb'
System info: os.name: 'Windows 11', os.arch: 'amd64', os.version: '10.0', java.version: '23.0.1'
Driver info: org.openqa.selenium.chrome.ChromeDriver
Command: [ced7bc8be56bbb0107e27da6c28db685, clickElement {id=f.44862BF04DE905A2731CC23C06DBE9A7.d.AB7634E4E77949615C2D1305B68BAF3C.e.1052}]
Capabilities {acceptInsecureCerts: false, browserName: chrome, browserVersion: 134.0.6998.89, chrome: {chromedriverVersion: 134.0.6998.88 (7e3d5c978c6d..., userDataDir: C:\Users\INVEST~1\AppData\L...}, fedcm:accounts: true, goog:chromeOptions: {debuggerAddress: localhost:54589}, networkConnectionEnabled: false, pageLoadStrategy: normal, platformName: windows, proxy: Proxy(), se:cdp: ws://localhost:54589/devtoo..., se:cdpVersion: 134.0.6998.89, setWindowRect: true, strictFileInteractability: false, timeouts: {implicit: 0, pageLoad: 300000, script: 30000}, unhandledPromptBehavior: dismiss and notify, webauthn:extension:credBlob: true, webauthn:extension:largeBlob: true, webauthn:extension:minPinLength: true, webauthn:extension:prf: true, webauthn:virtualAuthenticators: true}
Element: [[ChromeDriver: chrome on windows (ced7bc8be56bbb0107e27da6c28db685)] -> xpath: //a[@id='basketAdmin']]
Session ID: ced7bc8be56bbb0107e27da6c28db685
at org.testng.Assert.fail(Assert.java:111)
at testCases.TC_006_BSKT_InvalidFundManagerTest.createFundManagerWithInvalidData(TC_006_BSKT_InvalidFundManagerTest.java:69)
at java.base/jdk.internal.reflect.DirectMethodHandleAccessor.invoke(DirectMethodHandleAccessor.java:103)
at java.base/java.lang.reflect.Method.invoke(Method.java:580)
at org.testng.internal.invokers.MethodInvocationHelper.invokeMethod(MethodInvocationHelper.java:141)
at org.testng.internal.invokers.TestInvoker.invokeMethod(TestInvoker.java:687)
at org.testng.internal.invokers.TestInvoker.invokeTestMethod(TestInvoker.java:230)
at org.testng.internal.invokers.MethodRunner.runInSequence(MethodRunner.java:63)
at org.testng.internal.invokers.TestInvoker$MethodInvocationAgent.invoke(TestInvoker.java:995)
at org.testng.internal.invokers.TestInvoker.invokeTestMethods(TestInvoker.java:203)
at org.testng.internal.invokers.TestMethodWorker.invokeTestMethods(TestMethodWorker.java:154)
at org.testng.internal.invokers.TestMethodWorker.run(TestMethodWorker.java:134)
at java.base/java.util.ArrayList.forEach(ArrayList.java:1597)
at org.testng.TestRunner.privateRun(TestRunner.java:741)
at org.testng.TestRunner.run(TestRunner.java:616)
at org.testng.SuiteRunner.runTest(SuiteRunner.java:421)
at org.testng.SuiteRunner.runSequentially(SuiteRunner.java:413)
at org.testng.SuiteRunner.privateRun(SuiteRunner.java:373)
at org.testng.SuiteRunner.run(SuiteRunner.java:312)
at org.testng.SuiteRunnerWorker.runSuite(SuiteRunnerWorker.java:52)
at org.testng.SuiteRunnerWorker.run(SuiteRunnerWorker.java:95)
at org.testng.TestNG.runSuitesSequentially(TestNG.java:1274)
at org.testng.TestNG.runSuitesLocally(TestNG.java:1208)
at org.testng.TestNG.runSuites(TestNG.java:1112)
at org.testng.TestNG.run(TestNG.java:1079)
at org.testng.remote.AbstractRemoteTestNG.run(AbstractRemoteTestNG.java:115)
at org.testng.remote.RemoteTestNG.initAndRun(RemoteTestNG.java:293)
at org.testng.remote.RemoteTestNG.main(RemoteTestNG.java:91)
]]>
            </full-stacktrace>
          </exception> <!-- java.lang.AssertionError -->
          <reporter-output>
          </reporter-output>
        </test-method> <!-- createFundManagerWithInvalidData -->
        <test-method is-config="true" signature="tearDown()[pri:0, instance:testCases.TC_006_BSKT_InvalidFundManagerTest@324a0017]" started-at="2025-03-15T16:37:02 IST" name="tearDown" finished-at="2025-03-15T16:37:02 IST" duration-ms="354" status="PASS">
          <reporter-output>
          </reporter-output>
        </test-method> <!-- tearDown -->
      </class> <!-- testCases.TC_006_BSKT_InvalidFundManagerTest -->
      <class name="testCases.TC_005_BSKT_CreateFundManagerTest">
        <test-method is-config="true" signature="setup(java.lang.String,java.lang.String)[pri:0, instance:testCases.TC_005_BSKT_CreateFundManagerTest@2e2ff723]" started-at="2025-03-15T16:36:29 IST" name="setup" finished-at="2025-03-15T16:36:34 IST" duration-ms="4512" status="PASS">
          <params>
            <param index="0">
              <value>
                <![CDATA[Windows]]>
              </value>
            </param>
            <param index="1">
              <value>
                <![CDATA[chrome]]>
              </value>
            </param>
          </params>
          <reporter-output>
          </reporter-output>
        </test-method> <!-- setup -->
        <test-method signature="createFundManager()[pri:0, instance:testCases.TC_005_BSKT_CreateFundManagerTest@2e2ff723]" started-at="2025-03-15T16:36:34 IST" name="createFundManager" finished-at="2025-03-15T16:36:47 IST" duration-ms="13518" status="PASS">
          <reporter-output>
          </reporter-output>
        </test-method> <!-- createFundManager -->
        <test-method is-config="true" signature="tearDown()[pri:0, instance:testCases.TC_005_BSKT_CreateFundManagerTest@2e2ff723]" started-at="2025-03-15T16:36:47 IST" name="tearDown" finished-at="2025-03-15T16:36:49 IST" duration-ms="1202" status="PASS">
          <reporter-output>
          </reporter-output>
        </test-method> <!-- tearDown -->
      </class> <!-- testCases.TC_005_BSKT_CreateFundManagerTest -->
      <class name="testCases.TC_002_BSKT_FundManagerRedirectionTest">
        <test-method is-config="true" signature="setup(java.lang.String,java.lang.String)[pri:0, instance:testCases.TC_002_BSKT_FundManagerRedirectionTest@a22cb6a]" started-at="2025-03-15T16:35:52 IST" name="setup" finished-at="2025-03-15T16:36:00 IST" duration-ms="7747" status="PASS">
          <params>
            <param index="0">
              <value>
                <![CDATA[Windows]]>
              </value>
            </param>
            <param index="1">
              <value>
                <![CDATA[chrome]]>
              </value>
            </param>
          </params>
          <reporter-output>
          </reporter-output>
        </test-method> <!-- setup -->
        <test-method signature="verifyFundManagerRedirection()[pri:0, instance:testCases.TC_002_BSKT_FundManagerRedirectionTest@a22cb6a]" started-at="2025-03-15T16:36:00 IST" name="verifyFundManagerRedirection" finished-at="2025-03-15T16:36:05 IST" duration-ms="5626" status="PASS">
          <reporter-output>
          </reporter-output>
        </test-method> <!-- verifyFundManagerRedirection -->
        <test-method is-config="true" signature="tearDown()[pri:0, instance:testCases.TC_002_BSKT_FundManagerRedirectionTest@a22cb6a]" started-at="2025-03-15T16:36:05 IST" name="tearDown" finished-at="2025-03-15T16:36:07 IST" duration-ms="1818" status="PASS">
          <reporter-output>
          </reporter-output>
        </test-method> <!-- tearDown -->
      </class> <!-- testCases.TC_002_BSKT_FundManagerRedirectionTest -->
    </test> <!-- Test -->
  </suite> <!-- Master Suite -->
</testng-results>
