<?xml version="1.0" encoding="UTF-8"?>
<!-- Generated by org.testng.reporters.JUnitReportReporter -->
<testsuite hostname="DESKTOP-O9F17IQ" failures="1" tests="1" name="testCases.TC_012_BSKT_ViewRejectedBasketTest" time="9.786" errors="0" timestamp="2025-03-27T16:57:16 IST" skipped="0">
  <testcase classname="testCases.TC_012_BSKT_ViewRejectedBasketTest" name="viewRejectedBasketHistory" time="9.786">
    <failure message="Test failed due to exception: element click intercepted: Element &lt;a _ngcontent-serveapp-c2563541569=&quot;&quot; style=&quot;cursor: pointer;&quot;&gt;...&lt;/a&gt; is not clickable at point (1257, 287). Other element would receive the click: &lt;div _ngcontent-serveapp-c2563541569=&quot;&quot; class=&quot;d-flex align-items-end&quot; style=&quot;margin-top: -5rem;&quot;&gt;...&lt;/div&gt;
  (Session info: chrome=134.0.6998.177)
Build info: version: &#039;4.29.0&#039;, revision: &#039;5fc1ec94cb&#039;
System info: os.name: &#039;Windows 11&#039;, os.arch: &#039;amd64&#039;, os.version: &#039;10.0&#039;, java.version: &#039;23.0.1&#039;
Driver info: org.openqa.selenium.chrome.ChromeDriver
Command: [a846e3bd6c132af8d0fd61231ed773a2, clickElement {id=f.55A1DA7979A6A0B7DC0C8387CEA3FE3E.d.A6FD98C37971AB4FFF890962BE406C68.e.3197}]
Capabilities {acceptInsecureCerts: false, browserName: chrome, browserVersion: 134.0.6998.177, chrome: {chromedriverVersion: 134.0.6998.165 (fd886e2cb29..., userDataDir: C:\Users\INVEST~1\AppData\L...}, fedcm:accounts: true, goog:chromeOptions: {debuggerAddress: localhost:51799}, networkConnectionEnabled: false, pageLoadStrategy: normal, platformName: windows, proxy: Proxy(), se:cdp: ws://localhost:51799/devtoo..., se:cdpVersion: 134.0.6998.177, setWindowRect: true, strictFileInteractability: false, timeouts: {implicit: 0, pageLoad: 300000, script: 30000}, unhandledPromptBehavior: dismiss and notify, webauthn:extension:credBlob: true, webauthn:extension:largeBlob: true, webauthn:extension:minPinLength: true, webauthn:extension:prf: true, webauthn:virtualAuthenticators: true}
Element: [[ChromeDriver: chrome on windows (a846e3bd6c132af8d0fd61231ed773a2)] -&gt; xpath: /html/body/app-root/div/app-admin-basket-approval/div/div[3]/div/div[1]/div/mat-table/mat-row[1]/mat-cell[11]/div/a]
Session ID: a846e3bd6c132af8d0fd61231ed773a2" type="java.lang.AssertionError">
      <![CDATA[java.lang.AssertionError: Test failed due to exception: element click intercepted: Element <a _ngcontent-serveapp-c2563541569="" style="cursor: pointer;">...</a> is not clickable at point (1257, 287). Other element would receive the click: <div _ngcontent-serveapp-c2563541569="" class="d-flex align-items-end" style="margin-top: -5rem;">...</div>
  (Session info: chrome=134.0.6998.177)
Build info: version: '4.29.0', revision: '5fc1ec94cb'
System info: os.name: 'Windows 11', os.arch: 'amd64', os.version: '10.0', java.version: '23.0.1'
Driver info: org.openqa.selenium.chrome.ChromeDriver
Command: [a846e3bd6c132af8d0fd61231ed773a2, clickElement {id=f.55A1DA7979A6A0B7DC0C8387CEA3FE3E.d.A6FD98C37971AB4FFF890962BE406C68.e.3197}]
Capabilities {acceptInsecureCerts: false, browserName: chrome, browserVersion: 134.0.6998.177, chrome: {chromedriverVersion: 134.0.6998.165 (fd886e2cb29..., userDataDir: C:\Users\INVEST~1\AppData\L...}, fedcm:accounts: true, goog:chromeOptions: {debuggerAddress: localhost:51799}, networkConnectionEnabled: false, pageLoadStrategy: normal, platformName: windows, proxy: Proxy(), se:cdp: ws://localhost:51799/devtoo..., se:cdpVersion: 134.0.6998.177, setWindowRect: true, strictFileInteractability: false, timeouts: {implicit: 0, pageLoad: 300000, script: 30000}, unhandledPromptBehavior: dismiss and notify, webauthn:extension:credBlob: true, webauthn:extension:largeBlob: true, webauthn:extension:minPinLength: true, webauthn:extension:prf: true, webauthn:virtualAuthenticators: true}
Element: [[ChromeDriver: chrome on windows (a846e3bd6c132af8d0fd61231ed773a2)] -> xpath: /html/body/app-root/div/app-admin-basket-approval/div/div[3]/div/div[1]/div/mat-table/mat-row[1]/mat-cell[11]/div/a]
Session ID: a846e3bd6c132af8d0fd61231ed773a2
at org.testng.Assert.fail(Assert.java:111)
at testCases.TC_012_BSKT_ViewRejectedBasketTest.viewRejectedBasketHistory(TC_012_BSKT_ViewRejectedBasketTest.java:80)
at java.base/jdk.internal.reflect.DirectMethodHandleAccessor.invoke(DirectMethodHandleAccessor.java:103)
at java.base/java.lang.reflect.Method.invoke(Method.java:580)
at org.testng.internal.invokers.MethodInvocationHelper.invokeMethod(MethodInvocationHelper.java:141)
at org.testng.internal.invokers.TestInvoker.invokeMethod(TestInvoker.java:687)
at org.testng.internal.invokers.TestInvoker.invokeTestMethod(TestInvoker.java:230)
at org.testng.internal.invokers.MethodRunner.runInSequence(MethodRunner.java:63)
at org.testng.internal.invokers.TestInvoker$MethodInvocationAgent.invoke(TestInvoker.java:995)
at org.testng.internal.invokers.TestInvoker.invokeTestMethods(TestInvoker.java:203)
at org.testng.internal.invokers.TestMethodWorker.invokeTestMethods(TestMethodWorker.java:154)
at org.testng.internal.invokers.TestMethodWorker.run(TestMethodWorker.java:134)
at java.base/java.util.ArrayList.forEach(ArrayList.java:1597)
at org.testng.TestRunner.privateRun(TestRunner.java:741)
at org.testng.TestRunner.run(TestRunner.java:616)
at org.testng.SuiteRunner.runTest(SuiteRunner.java:421)
at org.testng.SuiteRunner.runSequentially(SuiteRunner.java:413)
at org.testng.SuiteRunner.privateRun(SuiteRunner.java:373)
at org.testng.SuiteRunner.run(SuiteRunner.java:312)
at org.testng.SuiteRunnerWorker.runSuite(SuiteRunnerWorker.java:52)
at org.testng.SuiteRunnerWorker.run(SuiteRunnerWorker.java:95)
at org.testng.TestNG.runSuitesSequentially(TestNG.java:1274)
at org.testng.TestNG.runSuitesLocally(TestNG.java:1208)
at org.testng.TestNG.runSuites(TestNG.java:1112)
at org.testng.TestNG.run(TestNG.java:1079)
at org.testng.remote.AbstractRemoteTestNG.run(AbstractRemoteTestNG.java:115)
at org.testng.remote.RemoteTestNG.initAndRun(RemoteTestNG.java:293)
at org.testng.remote.RemoteTestNG.main(RemoteTestNG.java:91)
]]>
    </failure>
  </testcase> <!-- viewRejectedBasketHistory -->
</testsuite> <!-- testCases.TC_012_BSKT_ViewRejectedBasketTest -->
