<?xml version="1.0" encoding="UTF-8"?>
<!-- Generated by org.testng.reporters.JUnitXMLReporter -->
<testsuite ignored="0" hostname="DESKTOP-O9F17IQ" failures="0" tests="1" name="SingleTest" time="0.186" errors="0" timestamp="2025-03-27T18:45:29 IST">
  <testcase classname="testBase.BaseClass" name="@BeforeClass setup" time="-1.743081329762E9">
    <failure type="org.testng.TestNGException" message="
Parameter &amp;apos;browser&amp;apos; is required by BeforeClass on method setup but has not been marked @Optional or defined
in C:\Users\Investobull-dev\eclipse-workspace\Seleniumwebdriver\investobullV201\SingleTest.xml">
      <![CDATA[org.testng.TestNGException: 
Parameter 'browser' is required by BeforeClass on method setup but has not been marked @Optional or defined
in C:\Users\Investobull-dev\eclipse-workspace\Seleniumwebdriver\investobullV201\SingleTest.xml
at java.base/java.util.ArrayList.forEach(ArrayList.java:1597)
... Removed 22 stack frames]]>
    </failure>
  </testcase> <!-- @BeforeClass setup -->
  <testcase classname="testBase.BaseClass" name="@AfterClass tearDown" time="0.0">
    <skipped/>
  </testcase> <!-- @AfterClass tearDown -->
  <testcase classname="testCases.TC_015_DuplicateMobileNumberTest" name="testDuplicateMobileNumberValidation" time="0.0">
    <skipped/>
  </testcase> <!-- testDuplicateMobileNumberValidation -->
</testsuite> <!-- SingleTest -->
